Copyright 1986-2022 Xilinx, Inc. All Rights Reserved. Copyright 2022-2025 Advanced Micro Devices, Inc. All Rights Reserved.
-------------------------------------------------------------------------------------------------------------------------------------------------------------------------
| Tool Version : Vivado v.2025.1 (win64) Build 6140274 Thu May 22 00:12:29 MDT 2025
| Date         : Wed Mar 11 01:04:43 2026
| Host         : Gaurav running 64-bit major release  (build 9200)
| Command      : report_timing_summary -delay_type max -check_timing_verbose -file C:/Users/gt111/Desktop/Self-Healing_Digital_Circuit/synth/reports/adaptive/timing.rpt
| Design       : top_adaptive
| Device       : 7z020-clg400
| Speed File   : -1  PRODUCTION 1.12 2019-11-22
| Design State : Routed
-------------------------------------------------------------------------------------------------------------------------------------------------------------------------

Timing Summary Report

------------------------------------------------------------------------------------------------
| Timer Settings
| --------------
------------------------------------------------------------------------------------------------

  Enable Multi Corner Analysis               :  Yes
  Enable Pessimism Removal                   :  Yes
  Pessimism Removal Resolution               :  Nearest Common Node
  Enable Input Delay Default Clock           :  No
  Enable Preset / Clear Arcs                 :  No
  Disable Flight Delays                      :  No
  Ignore I/O Paths                           :  No
  Timing Early Launch at Borrowing Latches   :  No
  Borrow Time for Max Delay Exceptions       :  Yes
  Merge Timing Exceptions                    :  Yes
  Inter-SLR Compensation                     :  Conservative

  Corner  Analyze    Analyze    
  Name    Max Paths  Min Paths  
  ------  ---------  ---------  
  Slow    Yes        Yes        
  Fast    Yes        Yes        


------------------------------------------------------------------------------------------------
| Report Methodology
| ------------------
------------------------------------------------------------------------------------------------

No report available as report_methodology has not been run prior. Run report_methodology on the current design for the summary of methodology violations.



check_timing report

Table of Contents
-----------------
1. checking no_clock (0)
2. checking constant_clock (0)
3. checking pulse_width_clock (0)
4. checking unconstrained_internal_endpoints (0)
5. checking no_input_delay (53)
6. checking no_output_delay (19)
7. checking multiple_clock (0)
8. checking generated_clocks (0)
9. checking loops (0)
10. checking partial_input_delay (0)
11. checking partial_output_delay (0)
12. checking latch_loops (0)

1. checking no_clock (0)
------------------------
 There are 0 register/latch pins with no clock.


2. checking constant_clock (0)
------------------------------
 There are 0 register/latch pins with constant_clock.


3. checking pulse_width_clock (0)
---------------------------------
 There are 0 register/latch pins which need pulse_width check


4. checking unconstrained_internal_endpoints (0)
------------------------------------------------
 There are 0 pins that are not constrained for maximum delay.

 There are 0 pins that are not constrained for maximum delay due to constant clock.


5. checking no_input_delay (53)
-------------------------------
 There are 53 input ports with no input delay specified. (HIGH)

a[0]
a[1]
a[2]
a[3]
a[4]
a[5]
a[6]
a[7]
b[0]
b[1]
b[2]
b[3]
b[4]
b[5]
b[6]
b[7]
fi0_en
fi0_mask[0]
fi0_mask[1]
fi0_mask[2]
fi0_mask[3]
fi0_mask[4]
fi0_mask[5]
fi0_mask[6]
fi0_mask[7]
fi0_type[0]
fi0_type[1]
fi1_en
fi1_mask[0]
fi1_mask[1]
fi1_mask[2]
fi1_mask[3]
fi1_mask[4]
fi1_mask[5]
fi1_mask[6]
fi1_mask[7]
fi1_type[0]
fi1_type[1]
fi2_en
fi2_mask[0]
fi2_mask[1]
fi2_mask[2]
fi2_mask[3]
fi2_mask[4]
fi2_mask[5]
fi2_mask[6]
fi2_mask[7]
fi2_type[0]
fi2_type[1]
op[0]
op[1]
op[2]
rst

 There are 0 input ports with no input delay but user has a false path constraint.


6. checking no_output_delay (19)
--------------------------------
 There are 19 ports with no output delay specified. (HIGH)

carry_flag
dmr_error
fault_detected
faulty_module[0]
faulty_module[1]
faulty_module[2]
final_result[0]
final_result[1]
final_result[2]
final_result[3]
final_result[4]
final_result[5]
final_result[6]
final_result[7]
redundancy_mode[0]
redundancy_mode[1]
risk_score[0]
risk_score[1]
zero_flag

 There are 0 ports with no output delay but user has a false path constraint

 There are 0 ports with no output delay but with a timing clock defined on it or propagating through it


7. checking multiple_clock (0)
------------------------------
 There are 0 register/latch pins with multiple clocks.


8. checking generated_clocks (0)
--------------------------------
 There are 0 generated clocks that are not connected to a clock source.


9. checking loops (0)
---------------------
 There are 0 combinational loops in the design.


10. checking partial_input_delay (0)
------------------------------------
 There are 0 input ports with partial input delay specified.


11. checking partial_output_delay (0)
-------------------------------------
 There are 0 ports with partial output delay specified.


12. checking latch_loops (0)
----------------------------
 There are 0 combinational latch loops in the design through latch input



------------------------------------------------------------------------------------------------
| Design Timing Summary
| ---------------------
------------------------------------------------------------------------------------------------

    WNS(ns)      TNS(ns)  TNS Failing Endpoints  TNS Total Endpoints     WPWS(ns)     TPWS(ns)  TPWS Failing Endpoints  TPWS Total Endpoints  
    -------      -------  ---------------------  -------------------     --------     --------  ----------------------  --------------------  
      5.275        0.000                      0                   74        4.500        0.000                       0                    44  


All user specified timing constraints are met.


------------------------------------------------------------------------------------------------
| Clock Summary
| -------------
------------------------------------------------------------------------------------------------

Clock  Waveform(ns)       Period(ns)      Frequency(MHz)
-----  ------------       ----------      --------------
clk    {0.000 5.000}      10.000          100.000         


------------------------------------------------------------------------------------------------
| Intra Clock Table
| -----------------
------------------------------------------------------------------------------------------------

Clock             WNS(ns)      TNS(ns)  TNS Failing Endpoints  TNS Total Endpoints     WPWS(ns)     TPWS(ns)  TPWS Failing Endpoints  TPWS Total Endpoints  
-----             -------      -------  ---------------------  -------------------     --------     --------  ----------------------  --------------------  
clk                 5.275        0.000                      0                   74        4.500        0.000                       0                    44  


------------------------------------------------------------------------------------------------
| Inter Clock Table
| -----------------
------------------------------------------------------------------------------------------------

From Clock    To Clock          WNS(ns)      TNS(ns)  TNS Failing Endpoints  TNS Total Endpoints  
----------    --------          -------      -------  ---------------------  -------------------  


------------------------------------------------------------------------------------------------
| Other Path Groups Table
| -----------------------
------------------------------------------------------------------------------------------------

Path Group    From Clock    To Clock          WNS(ns)      TNS(ns)  TNS Failing Endpoints  TNS Total Endpoints  
----------    ----------    --------          -------      -------  ---------------------  -------------------  


------------------------------------------------------------------------------------------------
| Timing Details
| --------------
------------------------------------------------------------------------------------------------


---------------------------------------------------------------------------------------------------
From Clock:  clk
  To Clock:  clk

Setup :            0  Failing Endpoints,  Worst Slack        5.275ns,  Total Violation        0.000ns
Hold  :           NA  Failing Endpoints,  Worst Slack           NA  ,  Total Violation           NA
PW    :            0  Failing Endpoints,  Worst Slack        4.500ns,  Total Violation        0.000ns
---------------------------------------------------------------------------------------------------


Max Delay Paths
--------------------------------------------------------------------------------------
Slack (MET) :             5.275ns  (required time - arrival time)
  Source:                 u_alu0/result_reg[0]/C
                            (rising edge-triggered cell FDRE clocked by clk  {rise@0.000ns fall@5.000ns period=10.000ns})
  Destination:            u_risk/error_count_reg[6]/CE
                            (rising edge-triggered cell FDRE clocked by clk  {rise@0.000ns fall@5.000ns period=10.000ns})
  Path Group:             clk
  Path Type:              Setup (Max at Slow Process Corner)
  Requirement:            10.000ns  (clk rise@10.000ns - clk rise@0.000ns)
  Data Path Delay:        4.472ns  (logic 1.014ns (22.674%)  route 3.458ns (77.326%))
  Logic Levels:           4  (LUT5=2 LUT6=2)
  Clock Path Skew:        -0.049ns (DCD - SCD + CPR)
    Destination Clock Delay (DCD):    0.924ns = ( 10.924 - 10.000 ) 
    Source Clock Delay      (SCD):    0.973ns
    Clock Pessimism Removal (CPR):    0.000ns
  Clock Uncertainty:      0.035ns  ((TSJ^2 + TIJ^2)^1/2 + DJ) / 2 + PE
    Total System Jitter     (TSJ):    0.071ns
    Total Input Jitter      (TIJ):    0.000ns
    Discrete Jitter          (DJ):    0.000ns
    Phase Error              (PE):    0.000ns

    Location             Delay type                Incr(ns)  Path(ns)    Netlist Resource(s)
  -------------------------------------------------------------------    -------------------
                         (clock clk rise edge)        0.000     0.000 r  
                                                      0.000     0.000 r  clk (IN)
                         net (fo=43, unset)           0.973     0.973    u_alu0/clk
    SLICE_X30Y56         FDRE                                         r  u_alu0/result_reg[0]/C
  -------------------------------------------------------------------    -------------------
    SLICE_X30Y56         FDRE (Prop_fdre_C_Q)         0.518     1.491 r  u_alu0/result_reg[0]/Q
                         net (fo=5, routed)           0.468     1.959    u_alu0/result_reg[7]_0[0]
    SLICE_X30Y54         LUT5 (Prop_lut5_I4_O)        0.124     2.083 r  u_alu0/final_result[0]_INST_0_i_4/O
                         net (fo=4, routed)           1.055     3.139    u_alu0/alu2_fi[0]
    SLICE_X31Y54         LUT6 (Prop_lut6_I1_O)        0.124     3.263 r  u_alu0/fault_detected_INST_0_i_5/O
                         net (fo=1, routed)           0.517     3.780    u_alu0/fault_detected_INST_0_i_5_n_0
    SLICE_X33Y54         LUT6 (Prop_lut6_I5_O)        0.124     3.904 r  u_alu0/fault_detected_INST_0_i_1/O
                         net (fo=1, routed)           0.734     4.638    u_alu0/u_voter/fault_detect0__14
    SLICE_X34Y54         LUT5 (Prop_lut5_I1_O)        0.124     4.762 r  u_alu0/fault_detected_INST_0/O
                         net (fo=8, routed)           0.683     5.445    u_risk/fault_detected
    SLICE_X34Y58         FDRE                                         r  u_risk/error_count_reg[6]/CE
  -------------------------------------------------------------------    -------------------

                         (clock clk rise edge)       10.000    10.000 r  
                                                      0.000    10.000 r  clk (IN)
                         net (fo=43, unset)           0.924    10.924    u_risk/clk
    SLICE_X34Y58         FDRE                                         r  u_risk/error_count_reg[6]/C
                         clock pessimism              0.000    10.924    
                         clock uncertainty           -0.035    10.889    
    SLICE_X34Y58         FDRE (Setup_fdre_C_CE)      -0.169    10.720    u_risk/error_count_reg[6]
  -------------------------------------------------------------------
                         required time                         10.720    
                         arrival time                          -5.445    
  -------------------------------------------------------------------
                         slack                                  5.275    





Pulse Width Checks
--------------------------------------------------------------------------------------
Clock Name:         clk
Waveform(ns):       { 0.000 5.000 }
Period(ns):         10.000
Sources:            { clk }

Check Type        Corner  Lib Pin  Reference Pin  Required(ns)  Actual(ns)  Slack(ns)  Location      Pin
Min Period        n/a     FDRE/C   n/a            1.000         10.000      9.000      SLICE_X30Y58  u_alu0/carry_out_reg/C
Low Pulse Width   Slow    FDRE/C   n/a            0.500         5.000       4.500      SLICE_X30Y58  u_alu0/carry_out_reg/C
High Pulse Width  Slow    FDRE/C   n/a            0.500         5.000       4.500      SLICE_X30Y58  u_alu0/carry_out_reg/C



